<?xml version="1.0" encoding="UTF-8"?>
<testsuite name="com.csc.TestTriangleNumberCalculator" tests="1" skipped="0" failures="0" errors="0" timestamp="2024-11-11T06:35:37" hostname="CHRIS-LAPTOP" time="0.014">
  <properties/>
  <testcase name="test14()" classname="com.csc.TestTriangleNumberCalculator" time="0.014"/>
  <system-out><![CDATA[]]></system-out>
  <system-err><![CDATA[]]></system-err>
</testsuite>
