<?xml version="1.0" encoding="UTF-8"?>
<testsuite name="com.csc.TestTriangleNumberCalculator" tests="1" skipped="0" failures="0" errors="0" timestamp="2024-10-20T21:07:07" hostname="CHRIS-LAPTOP" time="0.011">
  <properties/>
  <testcase name="test9()" classname="com.csc.TestTriangleNumberCalculator" time="0.011"/>
  <system-out><![CDATA[]]></system-out>
  <system-err><![CDATA[]]></system-err>
</testsuite>
